<?xml version="1.0" encoding="UTF-8"?>
<testsuite xmlns:xsi="http://www.w3.org/2001/XMLSchema-instance" xsi:noNamespaceSchemaLocation="https://maven.apache.org/surefire/maven-surefire-plugin/xsd/surefire-test-report.xsd" name="cpu_scheduler.app.AppTest" time="0.107" tests="4" errors="0" skipped="0" failures="0">
  <properties>
    <property name="sun.desktop" value="windows"/>
    <property name="awt.toolkit" value="sun.awt.windows.WToolkit"/>
    <property name="file.encoding.pkg" value="sun.io"/>
    <property name="java.specification.version" value="1.8"/>
    <property name="sun.cpu.isalist" value="pentium_pro+mmx pentium_pro pentium+mmx pentium i486 i386 i86"/>
    <property name="sun.jnu.encoding" value="Cp1252"/>
    <property name="java.class.path" value="C:\Computer\CSC\CSC 139\Homework\Homework4\CPU_scheduler\scheduler_app\scheduler-app\target\test-classes;C:\Computer\CSC\CSC 139\Homework\Homework4\CPU_scheduler\scheduler_app\scheduler-app\target\classes;C:\Users\Sharon\.m2\repository\junit\junit\4.11\junit-4.11.jar;C:\Users\Sharon\.m2\repository\org\hamcrest\hamcrest-core\1.3\hamcrest-core-1.3.jar;"/>
    <property name="java.vm.vendor" value="Oracle Corporation"/>
    <property name="sun.arch.data.model" value="32"/>
    <property name="user.variant" value=""/>
    <property name="java.vendor.url" value="http://java.oracle.com/"/>
    <property name="user.timezone" value="America/Los_Angeles"/>
    <property name="java.vm.specification.version" value="1.8"/>
    <property name="os.name" value="Windows 10"/>
    <property name="user.country" value="US"/>
    <property name="sun.java.launcher" value="SUN_STANDARD"/>
    <property name="sun.boot.library.path" value="C:\Program Files (x86)\Java\jdk1.8.0_181\jre\bin"/>
    <property name="sun.java.command" value="C:\Users\Sharon\AppData\Local\Temp\surefire5000394592095169552\surefirebooter5727658812617754155.jar C:\Users\Sharon\AppData\Local\Temp\surefire5000394592095169552 2021-04-02T16-56-30_002-jvmRun1 surefire2209867553983974529tmp surefire_0760120903107946329tmp"/>
    <property name="surefire.test.class.path" value="C:\Computer\CSC\CSC 139\Homework\Homework4\CPU_scheduler\scheduler_app\scheduler-app\target\test-classes;C:\Computer\CSC\CSC 139\Homework\Homework4\CPU_scheduler\scheduler_app\scheduler-app\target\classes;C:\Users\Sharon\.m2\repository\junit\junit\4.11\junit-4.11.jar;C:\Users\Sharon\.m2\repository\org\hamcrest\hamcrest-core\1.3\hamcrest-core-1.3.jar;"/>
    <property name="sun.cpu.endian" value="little"/>
    <property name="user.home" value="C:\Users\Sharon"/>
    <property name="user.language" value="en"/>
    <property name="java.specification.vendor" value="Oracle Corporation"/>
    <property name="java.home" value="C:\Program Files (x86)\Java\jdk1.8.0_181\jre"/>
    <property name="basedir" value="C:\Computer\CSC\CSC 139\Homework\Homework4\CPU_scheduler\scheduler_app\scheduler-app"/>
    <property name="file.separator" value="\"/>
    <property name="line.separator" value="&#10;"/>
    <property name="java.vm.specification.vendor" value="Oracle Corporation"/>
    <property name="java.specification.name" value="Java Platform API Specification"/>
    <property name="java.awt.graphicsenv" value="sun.awt.Win32GraphicsEnvironment"/>
    <property name="surefire.real.class.path" value="C:\Users\Sharon\AppData\Local\Temp\surefire5000394592095169552\surefirebooter5727658812617754155.jar"/>
    <property name="sun.boot.class.path" value="C:\Program Files (x86)\Java\jdk1.8.0_181\jre\lib\resources.jar;C:\Program Files (x86)\Java\jdk1.8.0_181\jre\lib\rt.jar;C:\Program Files (x86)\Java\jdk1.8.0_181\jre\lib\sunrsasign.jar;C:\Program Files (x86)\Java\jdk1.8.0_181\jre\lib\jsse.jar;C:\Program Files (x86)\Java\jdk1.8.0_181\jre\lib\jce.jar;C:\Program Files (x86)\Java\jdk1.8.0_181\jre\lib\charsets.jar;C:\Program Files (x86)\Java\jdk1.8.0_181\jre\lib\jfr.jar;C:\Program Files (x86)\Java\jdk1.8.0_181\jre\classes"/>
    <property name="user.script" value=""/>
    <property name="sun.management.compiler" value="HotSpot Client Compiler"/>
    <property name="java.runtime.version" value="1.8.0_181-b13"/>
    <property name="user.name" value="Sharon"/>
    <property name="path.separator" value=";"/>
    <property name="os.version" value="10.0"/>
    <property name="java.endorsed.dirs" value="C:\Program Files (x86)\Java\jdk1.8.0_181\jre\lib\endorsed"/>
    <property name="java.runtime.name" value="Java(TM) SE Runtime Environment"/>
    <property name="file.encoding" value="Cp1252"/>
    <property name="java.vm.name" value="Java HotSpot(TM) Client VM"/>
    <property name="localRepository" value="C:\Users\Sharon\.m2\repository"/>
    <property name="java.vendor.url.bug" value="http://bugreport.sun.com/bugreport/"/>
    <property name="java.io.tmpdir" value="C:\Users\Sharon\AppData\Local\Temp\"/>
    <property name="java.version" value="1.8.0_181"/>
    <property name="user.dir" value="C:\Computer\CSC\CSC 139\Homework\Homework4\CPU_scheduler\scheduler_app\scheduler-app"/>
    <property name="os.arch" value="x86"/>
    <property name="java.vm.specification.name" value="Java Virtual Machine Specification"/>
    <property name="java.awt.printerjob" value="sun.awt.windows.WPrinterJob"/>
    <property name="sun.os.patch.level" value=""/>
    <property name="java.library.path" value="C:\Program Files (x86)\Java\jdk1.8.0_181\jre\bin;C:\WINDOWS\Sun\Java\bin;C:\WINDOWS\system32;C:\WINDOWS;C:\Program Files\Git\mingw64\bin;C:\Program Files\Git\usr\bin;C:\Users\Sharon\bin;C:\Program Files\Microsoft MPI\Bin;C:\Program Files (x86)\Intel\Intel(R) Management Engine Components\iCLS;C:\Program Files\Intel\Intel(R) Management Engine Components\iCLS;C:\WINDOWS\system32;C:\WINDOWS;C:\WINDOWS\System32\Wbem;C:\WINDOWS\System32\WindowsPowerShell\v1.0;C:\Program Files (x86)\Intel\Intel(R) Management Engine Components\DAL;C:\Program Files\Intel\Intel(R) Management Engine Components\DAL;C:\Program Files (x86)\Intel\Intel(R) Management Engine Components\IPT;C:\Program Files\Intel\Intel(R) Management Engine Components\IPT;C:\Program Files\dotnet;C:\Program Files\Microsoft SQL Server\130\Tools\Binn;C:\WINDOWS\System32\OpenSSH;C:\Program Files (x86)\apache-maven-3.6.1-bin\apache-maven-3.6.1\bin;C:\GIRL Camp\C-Stem\Ch\bin;C:\Program Files\Microsoft SQL Server\Client SDK\ODBC\170\Tools\Binn;C:\Program Files (x86)\Microsoft SQL Server\150\Tools\Binn;C:\Program Files\Microsoft SQL Server\150\Tools\Binn;C:\Program Files\Microsoft SQL Server\150\DTS\Binn;C:\Program Files (x86)\Microsoft SQL Server\150\DTS\Binn;C:\Program Files (x86)\Java\jdk1.8.0_181\bin;C:\Maybe Maven\apache-maven-3.6.3\bin;C:\Program Files (x86)\nodejs;C:\ProgramData\chocolatey\bin;C:\Program Files\PuTTY;C:\Program Files\PowerShell\7;C:\Program Files\Git\cmd;C:\Anaconda\Scripts;C:\Anaconda;C:\Anaconda\Library\mingw-w64\bin;C:\Anaconda\Library\usr\bin;C:\Anaconda\Library\bin;C:\Anaconda\Scripts;C:\Python\base\Scripts;C:\Python\base;C:\Program Files\MySQL\MySQL Shell 8.0\bin;C:\Users\Sharon\AppData\Local\Microsoft\WindowsApps;C:\Users\Sharon\AppData\Local\GitHubDesktop\bin;C:\Users\Sharon\AppData\Local\Programs\Microsoft VS Code\bin;C:\cygwin64\bin;C:\Users\Sharon\AppData\Roaming\npm;C:\Program Files\Oracle\VirtualBox;C:\iverilog\bin;C:\iverilog\gtkwave\bin;C:\Program Files\JetBrains\DataGrip 2020.3\bin;C:\Users\Sharon\AppData\Local\Microsoft\WindowsApps;C:\Users\Sharon\AppData\Local\Box\Box Edit;."/>
    <property name="java.vm.info" value="mixed mode, sharing"/>
    <property name="java.vendor" value="Oracle Corporation"/>
    <property name="java.vm.version" value="25.181-b13"/>
    <property name="java.ext.dirs" value="C:\Program Files (x86)\Java\jdk1.8.0_181\jre\lib\ext;C:\WINDOWS\Sun\Java\lib\ext"/>
    <property name="sun.io.unicode.encoding" value="UnicodeLittle"/>
    <property name="java.class.version" value="52.0"/>
  </properties>
  <testcase name="multiply_FourTimesTwo_ReturnsEight" classname="cpu_scheduler.app.AppTest" time="0.005"/>
  <testcase name="divide_TenDividedTwo_ReturnsFive" classname="cpu_scheduler.app.AppTest" time="0"/>
  <testcase name="shouldAnswerWithTrue" classname="cpu_scheduler.app.AppTest" time="0"/>
  <testcase name="add_TwoPlusTwo_ReturnsFour" classname="cpu_scheduler.app.AppTest" time="0"/>
</testsuite>